# JRE version: Java(TM) SE Runtime Environment (17.0.3.1+2) (build 17.0.3.1+2-LTS-6)
# Java VM: Java HotSpot(TM) 64-Bit Server VM (17.0.3.1+2-LTS-6, mixed mode, sharing, tiered, compressed oops, compressed class ptrs, g1 gc, windows-amd64)
GC Precious Log:
 CPUs: 8 total, 8 available
 Memory: 8050M
 Large Page Support: Disabled
 NUMA Support: Disabled
 Compressed Oops: Enabled (32-bit)
 Heap Region Size: 1M
 Heap Min Capacity: 8M
 Heap Initial Capacity: 126M
 Heap Max Capacity: 2014M
 Pre-touch: Disabled
 Parallel Workers: 8
 Concurrent Workers: 2
 Concurrent Refinement Workers: 8
 Periodic GC: Disabled
Heap:
 garbage-first heap   total 82944K, used 47630K [0x0000000082200000, 0x0000000100000000)
  region size 1024K, 10 young (10240K), 1 survivors (1024K)
 Metaspace       used 72286K, committed 72896K, reserved 1114112K
  class space    used 9780K, committed 10048K, reserved 1048576K
GC Heap History (20 events):
Event: 12.306 GC heap before
{Heap before GC invocations=22 (full 0):
 garbage-first heap   total 56320K, used 46013K [0x0000000082200000, 0x0000000100000000)
  region size 1024K, 17 young (17408K), 3 survivors (3072K)
 Metaspace       used 63814K, committed 64384K, reserved 1105920K
  class space    used 8652K, committed 8960K, reserved 1048576K
}
Event: 12.309 GC heap after
{Heap after GC invocations=23 (full 0):
 garbage-first heap   total 56320K, used 32665K [0x0000000082200000, 0x0000000100000000)
  region size 1024K, 3 young (3072K), 3 survivors (3072K)
 Metaspace       used 63814K, committed 64384K, reserved 1105920K
  class space    used 8652K, committed 8960K, reserved 1048576K
}
Event: 12.543 GC heap before
{Heap before GC invocations=24 (full 0):
 garbage-first heap   total 63488K, used 45977K [0x0000000082200000, 0x0000000100000000)
  region size 1024K, 16 young (16384K), 3 survivors (3072K)
 Metaspace       used 64595K, committed 65088K, reserved 1105920K
  class space    used 8763K, committed 9024K, reserved 1048576K
}
Event: 12.547 GC heap after
{Heap after GC invocations=25 (full 0):
 garbage-first heap   total 63488K, used 33648K [0x0000000082200000, 0x0000000100000000)
  region size 1024K, 2 young (2048K), 2 survivors (2048K)
 Metaspace       used 64595K, committed 65088K, reserved 1105920K
  class space    used 8763K, committed 9024K, reserved 1048576K
}
Event: 12.978 GC heap before
{Heap before GC invocations=25 (full 0):
 garbage-first heap   total 63488K, used 52080K [0x0000000082200000, 0x0000000100000000)
  region size 1024K, 20 young (20480K), 2 survivors (2048K)
 Metaspace       used 65569K, committed 66112K, reserved 1105920K
  class space    used 8891K, committed 9152K, reserved 1048576K
}
Event: 12.983 GC heap after
{Heap after GC invocations=26 (full 0):
 garbage-first heap   total 63488K, used 35154K [0x0000000082200000, 0x0000000100000000)
  region size 1024K, 3 young (3072K), 3 survivors (3072K)
 Metaspace       used 65569K, committed 66112K, reserved 1105920K
  class space    used 8891K, committed 9152K, reserved 1048576K
}
Event: 13.308 GC heap before
{Heap before GC invocations=27 (full 0):
 garbage-first heap   total 63488K, used 50514K [0x0000000082200000, 0x0000000100000000)
  region size 1024K, 19 young (19456K), 3 survivors (3072K)
 Metaspace       used 66857K, committed 67328K, reserved 1114112K
  class space    used 9055K, committed 9280K, reserved 1048576K
}
Event: 13.312 GC heap after
{Heap after GC invocations=28 (full 0):
 garbage-first heap   total 63488K, used 36129K [0x0000000082200000, 0x0000000100000000)
  region size 1024K, 3 young (3072K), 3 survivors (3072K)
 Metaspace       used 66857K, committed 67328K, reserved 1114112K
  class space    used 9055K, committed 9280K, reserved 1048576K
}
Event: 13.542 GC heap before
{Heap before GC invocations=28 (full 0):
 garbage-first heap   total 63488K, used 51489K [0x0000000082200000, 0x0000000100000000)
  region size 1024K, 18 young (18432K), 3 survivors (3072K)
 Metaspace       used 67343K, committed 67840K, reserved 1114112K
  class space    used 9125K, committed 9344K, reserved 1048576K
}
Event: 13.546 GC heap after
{Heap after GC invocations=29 (full 0):
 garbage-first heap   total 63488K, used 37025K [0x0000000082200000, 0x0000000100000000)
  region size 1024K, 2 young (2048K), 2 survivors (2048K)
 Metaspace       used 67343K, committed 67840K, reserved 1114112K
  class space    used 9125K, committed 9344K, reserved 1048576K
}
Event: 13.791 GC heap before
{Heap before GC invocations=30 (full 0):
 garbage-first heap   total 68608K, used 52385K [0x0000000082200000, 0x0000000100000000)
  region size 1024K, 17 young (17408K), 2 survivors (2048K)
 Metaspace       used 67962K, committed 68480K, reserved 1114112K
  class space    used 9223K, committed 9472K, reserved 1048576K
}
Event: 13.795 GC heap after
{Heap after GC invocations=31 (full 0):
 garbage-first heap   total 68608K, used 38383K [0x0000000082200000, 0x0000000100000000)
  region size 1024K, 3 young (3072K), 3 survivors (3072K)
 Metaspace       used 67962K, committed 68480K, reserved 1114112K
  class space    used 9223K, committed 9472K, reserved 1048576K
}
Event: 13.811 GC heap before
{Heap before GC invocations=31 (full 0):
 garbage-first heap   total 68608K, used 39407K [0x0000000082200000, 0x0000000100000000)
  region size 1024K, 4 young (4096K), 3 survivors (3072K)
 Metaspace       used 68243K, committed 68800K, reserved 1114112K
  class space    used 9255K, committed 9536K, reserved 1048576K
}
Event: 13.815 GC heap after
{Heap after GC invocations=32 (full 0):
 garbage-first heap   total 82944K, used 38205K [0x0000000082200000, 0x0000000100000000)
  region size 1024K, 1 young (1024K), 1 survivors (1024K)
 Metaspace       used 68243K, committed 68800K, reserved 1114112K
  class space    used 9255K, committed 9536K, reserved 1048576K
}
Event: 40.473 GC heap before
{Heap before GC invocations=32 (full 0):
 garbage-first heap   total 82944K, used 66877K [0x0000000082200000, 0x0000000100000000)
  region size 1024K, 29 young (29696K), 1 survivors (1024K)
 Metaspace       used 70476K, committed 71104K, reserved 1114112K
  class space    used 9566K, committed 9856K, reserved 1048576K
}
Event: 40.478 GC heap after
{Heap after GC invocations=33 (full 0):
 garbage-first heap   total 82944K, used 39771K [0x0000000082200000, 0x0000000100000000)
  region size 1024K, 2 young (2048K), 2 survivors (2048K)
 Metaspace       used 70476K, committed 71104K, reserved 1114112K
  class space    used 9566K, committed 9856K, reserved 1048576K
}
Event: 898.692 GC heap before
{Heap before GC invocations=34 (full 0):
 garbage-first heap   total 82944K, used 68443K [0x0000000082200000, 0x0000000100000000)
  region size 1024K, 30 young (30720K), 2 survivors (2048K)
 Metaspace       used 72270K, committed 72896K, reserved 1114112K
  class space    used 9780K, committed 10048K, reserved 1048576K
}
Event: 898.703 GC heap after
{Heap after GC invocations=35 (full 0):
 garbage-first heap   total 82944K, used 40324K [0x0000000082200000, 0x0000000100000000)
  region size 1024K, 3 young (3072K), 3 survivors (3072K)
 Metaspace       used 72270K, committed 72896K, reserved 1114112K
  class space    used 9780K, committed 10048K, reserved 1048576K
}
Event: 934.338 GC heap before
{Heap before GC invocations=35 (full 0):
 garbage-first heap   total 82944K, used 41348K [0x0000000082200000, 0x0000000100000000)
  region size 1024K, 4 young (4096K), 3 survivors (3072K)
 Metaspace       used 72270K, committed 72896K, reserved 1114112K
  class space    used 9780K, committed 10048K, reserved 1048576K
}
Event: 934.352 GC heap after
{Heap after GC invocations=36 (full 0):
 garbage-first heap   total 82944K, used 39438K [0x0000000082200000, 0x0000000100000000)
  region size 1024K, 1 young (1024K), 1 survivors (1024K)
 Metaspace       used 72270K, committed 72896K, reserved 1114112K
  class space    used 9780K, committed 10048K, reserved 1048576K
}

